<?xml version="1.0" encoding="UTF-8"?>
<!-- Generated by org.testng.reporters.JUnitReportReporter -->
<testsuite skipped="0" hostname="Samarpans-MacBook-Air.local" name="DataProvider.DataProvider_Assignment" tests="3" failures="0" timestamp="2022-05-15T20:06:22 EDT" time="3.297" errors="0">
  <testcase name="login" time="0.888" classname="DataProvider.DataProvider_Assignment"/>
  <system-out/>
  <testcase name="login" time="1.583" classname="DataProvider.DataProvider_Assignment"/>
  <system-out/>
  <testcase name="login" time="0.826" classname="DataProvider.DataProvider_Assignment"/>
  <system-out/>
</testsuite> <!-- DataProvider.DataProvider_Assignment -->
