<?xml version="1.0" encoding="UTF-8"?>
<!-- Generated by org.testng.reporters.JUnitReportReporter -->
<testsuite skipped="0" hostname="Samarpans-MacBook-Air.local" name="testNG_Understanding.Groups_Concepts" tests="1" failures="0" timestamp="2022-05-26T22:23:32 EDT" time="0.009" errors="0">
  <testcase name="tc1" time="0.009" classname="testNG_Understanding.Groups_Concepts"/>
  <system-out/>
</testsuite> <!-- testNG_Understanding.Groups_Concepts -->
