<?xml version="1.0" encoding="UTF-8"?>
<!-- Generated by org.testng.reporters.JUnitReportReporter -->
<testsuite skipped="0" hostname="Samarpans-MacBook-Air.local" name="DataProvider.DP_Concepts" tests="3" failures="0" timestamp="2022-05-15T18:31:53 EDT" time="0.014" errors="0">
  <testcase name="RegisteringNewUser" time="0.001" classname="DataProvider.DP_Concepts"/>
  <system-out/>
  <testcase name="RegisteringNewUser" time="0.001" classname="DataProvider.DP_Concepts"/>
  <system-out/>
  <testcase name="RegisteringNewUser" time="0.012" classname="DataProvider.DP_Concepts"/>
  <system-out/>
</testsuite> <!-- DataProvider.DP_Concepts -->
