<?xml version="1.0" encoding="UTF-8"?>
<!-- Generated by org.testng.reporters.JUnitReportReporter -->
<testsuite skipped="0" hostname="Samarpans-MacBook-Air.local" name="extentreports_Betterway.RegistrationTest" tests="1" failures="0" timestamp="2022-06-02T14:19:09 EDT" time="0.031" errors="0">
  <testcase name="regTest" time="0.031" classname="extentreports_Betterway.RegistrationTest"/>
  <system-out/>
</testsuite> <!-- extentreports_Betterway.RegistrationTest -->
