<?xml version="1.0" encoding="UTF-8"?>
<!-- Generated by org.testng.reporters.JUnitReportReporter -->
<testsuite skipped="0" hostname="Samarpans-MacBook-Air.local" name="extentreports_Betterway.LogOut" tests="1" failures="0" timestamp="2022-06-02T14:19:09 EDT" time="0.017" errors="0">
  <testcase name="logoutFuncTest" time="0.017" classname="extentreports_Betterway.LogOut"/>
  <system-out/>
</testsuite> <!-- extentreports_Betterway.LogOut -->
