<?xml version="1.0" encoding="UTF-8"?>
<!-- Generated by org.testng.reporters.JUnitReportReporter -->
<testsuite skipped="0" hostname="Samarpans-MacBook-Air.local" name="testNG_Understanding.Parallel_Part1" tests="6" failures="0" timestamp="2022-05-26T22:05:45 EDT" time="47.890" errors="0">
  <testcase name="testcase2" time="6.537" classname="testNG_Understanding.Parallel_Part1"/>
  <system-out/>
  <testcase name="testcase1" time="10.559" classname="testNG_Understanding.Parallel_Part1"/>
  <system-out/>
  <testcase name="testcase2" time="6.584" classname="testNG_Understanding.Parallel_Part1"/>
  <system-out/>
  <testcase name="testcase3" time="6.585" classname="testNG_Understanding.Parallel_Part1"/>
  <system-out/>
  <testcase name="testcase3" time="7.126" classname="testNG_Understanding.Parallel_Part1"/>
  <system-out/>
  <testcase name="testcase1" time="10.499" classname="testNG_Understanding.Parallel_Part1"/>
  <system-out/>
</testsuite> <!-- testNG_Understanding.Parallel_Part1 -->
