<?xml version="1.0" encoding="UTF-8"?>
<!-- Generated by org.testng.reporters.JUnitReportReporter -->
<testsuite skipped="0" hostname="Samarpans-MacBook-Air.local" name="basics_extentreports.LogOut" tests="1" failures="0" timestamp="2022-06-02T14:13:47 EDT" time="0.773" errors="0">
  <testcase name="logoutFuncTest" time="0.773" classname="basics_extentreports.LogOut"/>
  <system-out/>
</testsuite> <!-- basics_extentreports.LogOut -->
